<?xml version="1.0" encoding="utf-8" standalone="no"?>
<test-results xmlns:xsi="http://www.w3.org/2001/XMLSchema-instance" xsi:noNamespaceSchemaLocation="nunit_schema_2.5.xsd" name="Pester" total="15" errors="0" failures="2" not-run="0" inconclusive="0" ignored="0" skipped="0" invalid="0" date="2025-09-07" time="07:44:51">
  <environment os-version="6.11.0-1018-azure" clr-version="8.0.17" user-domain="" user="runner" platform="Linux" machine-name="pkrvm7jw40e0xgp" nunit-version="2.5.8.0" cwd="/home/runner/work/SqlServerDsc/SqlServerDsc" />
  <culture-info current-culture="" current-uiculture="" />
  <test-suite type="TestFixture" name="Pester" executed="True" result="Failure" success="False" time="3.912" asserts="0" description="Pester">
    <results>
      <test-suite type="TestFixture" name="/home/runner/work/SqlServerDsc/SqlServerDsc/tests/Unit/Public/Set-SqlDscAgentOperator.Tests.ps1" executed="True" result="Failure" success="False" time="3.912" asserts="0" description="/home/runner/work/SqlServerDsc/SqlServerDsc/tests/Unit/Public/Set-SqlDscAgentOperator.Tests.ps1">
        <results>
          <test-suite type="TestFixture" name="Set-SqlDscAgentOperator" executed="True" result="Failure" success="False" time="0.6518" asserts="0" description="Set-SqlDscAgentOperator">
            <results>
              <test-suite type="TestFixture" name="Set-SqlDscAgentOperator.When command has correct parameter sets" executed="True" result="Failure" success="False" time="0.2986" asserts="0" description="Set-SqlDscAgentOperator.When command has correct parameter sets">
                <results>
                  <test-suite type="ParameterizedTest" name="Set-SqlDscAgentOperator.When command has correct parameter sets.Should have the correct parameters in parameter set &lt;ExpectedParameterSetName&gt;" executed="True" result="Failure" success="False" time="0.2723" asserts="0" description="Should have the correct parameters in parameter set &lt;ExpectedParameterSetName&gt;">
                    <results>
                      <test-case description="Should have the correct parameters in parameter set ByName" name="Set-SqlDscAgentOperator.When command has correct parameter sets.Should have the correct parameters in parameter set ByName" time="0.2469" asserts="0" success="False" result="Failure" executed="True">
                        <failure>
                          <message>Expected strings to be the same, but they were different.
Expected length: 104
Actual length:   415
Strings differ at index 65.
Expected: '...&gt; -Name &lt;string&gt; [-EmailAddress &lt;string&gt;] [-WhatIf] [-Co...'
But was:  '...&gt; -Name &lt;string&gt; [-EmailAddress &lt;string&gt;] [-CategoryName...'
           -----------------------------------------------^</message>
                          <stack-trace>at $result.ParameterListAsString | Should -Be $ExpectedParameters, /home/runner/work/SqlServerDsc/SqlServerDsc/tests/Unit/Public/Set-SqlDscAgentOperator.Tests.ps1:72
at &lt;ScriptBlock&gt;, /home/runner/work/SqlServerDsc/SqlServerDsc/tests/Unit/Public/Set-SqlDscAgentOperator.Tests.ps1:72</stack-trace>
                        </failure>
                      </test-case>
                      <test-case description="Should have the correct parameters in parameter set ByObject" name="Set-SqlDscAgentOperator.When command has correct parameter sets.Should have the correct parameters in parameter set ByObject" time="0.0254" asserts="0" success="False" result="Failure" executed="True">
                        <failure>
                          <message>Expected strings to be the same, but they were different.
Expected length: 93
Actual length:   404
Strings differ at index 54.
Expected: '...bject &lt;Operator&gt; [-EmailAddress &lt;string&gt;] [-WhatIf] [-Co...'
But was:  '...bject &lt;Operator&gt; [-EmailAddress &lt;string&gt;] [-CategoryName...'
           -----------------------------------------------^</message>
                          <stack-trace>at $result.ParameterListAsString | Should -Be $ExpectedParameters, /home/runner/work/SqlServerDsc/SqlServerDsc/tests/Unit/Public/Set-SqlDscAgentOperator.Tests.ps1:72
at &lt;ScriptBlock&gt;, /home/runner/work/SqlServerDsc/SqlServerDsc/tests/Unit/Public/Set-SqlDscAgentOperator.Tests.ps1:72</stack-trace>
                        </failure>
                      </test-case>
                    </results>
                  </test-suite>
                </results>
              </test-suite>
              <test-suite type="TestFixture" name="Set-SqlDscAgentOperator.When command has correct parameter properties" executed="True" result="Success" success="True" time="0.3592" asserts="0" description="Set-SqlDscAgentOperator.When command has correct parameter properties">
                <results>
                  <test-case description="Should have ServerObject as a mandatory parameter" name="Set-SqlDscAgentOperator.When command has correct parameter properties.Should have ServerObject as a mandatory parameter" time="0.0186" asserts="0" success="True" result="Success" executed="True" />
                  <test-case description="Should have ServerObject accept pipeline input" name="Set-SqlDscAgentOperator.When command has correct parameter properties.Should have ServerObject accept pipeline input" time="0.0119" asserts="0" success="True" result="Success" executed="True" />
                  <test-case description="Should have OperatorObject as a mandatory parameter in ByObject parameter set" name="Set-SqlDscAgentOperator.When command has correct parameter properties.Should have OperatorObject as a mandatory parameter in ByObject parameter set" time="0.009" asserts="0" success="True" result="Success" executed="True" />
                  <test-case description="Should have OperatorObject accept pipeline input in ByObject parameter set" name="Set-SqlDscAgentOperator.When command has correct parameter properties.Should have OperatorObject accept pipeline input in ByObject parameter set" time="0.0076" asserts="0" success="True" result="Success" executed="True" />
                  <test-case description="Should have Name as a mandatory parameter in ByName parameter set" name="Set-SqlDscAgentOperator.When command has correct parameter properties.Should have Name as a mandatory parameter in ByName parameter set" time="0.0073" asserts="0" success="True" result="Success" executed="True" />
                </results>
              </test-suite>
              <test-suite type="TestFixture" name="Set-SqlDscAgentOperator.When updating operator using ByName parameter set" executed="True" result="Success" success="True" time="0.5456" asserts="0" description="Set-SqlDscAgentOperator.When updating operator using ByName parameter set">
                <results>
                  <test-suite type="TestFixture" name="Set-SqlDscAgentOperator.When updating operator using ByName parameter set.When using parameter WhatIf" executed="True" result="Success" success="True" time="0.122" asserts="0" description="Set-SqlDscAgentOperator.When updating operator using ByName parameter set.When using parameter WhatIf">
                    <results>
                      <test-case description="Should not call Alter method when using WhatIf" name="Set-SqlDscAgentOperator.When updating operator using ByName parameter set.When using parameter WhatIf.Should not call Alter method when using WhatIf" time="0.0141" asserts="0" success="True" result="Success" executed="True" />
                    </results>
                  </test-suite>
                  <test-suite type="TestFixture" name="Set-SqlDscAgentOperator.When updating operator using ByName parameter set.When passing parameter ServerObject over the pipeline" executed="True" result="Success" success="True" time="0.1481" asserts="0" description="Set-SqlDscAgentOperator.When updating operator using ByName parameter set.When passing parameter ServerObject over the pipeline">
                    <results>
                      <test-case description="Should update operator email address using pipeline input" name="Set-SqlDscAgentOperator.When updating operator using ByName parameter set.When passing parameter ServerObject over the pipeline.Should update operator email address using pipeline input" time="0.0169" asserts="0" success="True" result="Success" executed="True" />
                    </results>
                  </test-suite>
                  <test-case description="Should update operator email address when specified" name="Set-SqlDscAgentOperator.When updating operator using ByName parameter set.Should update operator email address when specified" time="0.0537" asserts="0" success="True" result="Success" executed="True" />
                  <test-case description="Should not update when email address is already correct" name="Set-SqlDscAgentOperator.When updating operator using ByName parameter set.Should not update when email address is already correct" time="0.0091" asserts="0" success="True" result="Success" executed="True" />
                  <test-case description="Should throw when operator does not exist" name="Set-SqlDscAgentOperator.When updating operator using ByName parameter set.Should throw when operator does not exist" time="0.0369" asserts="0" success="True" result="Success" executed="True" />
                </results>
              </test-suite>
              <test-suite type="TestFixture" name="Set-SqlDscAgentOperator.When updating operator using ByObject parameter set" executed="True" result="Success" success="True" time="0.6017" asserts="0" description="Set-SqlDscAgentOperator.When updating operator using ByObject parameter set">
                <results>
                  <test-suite type="TestFixture" name="Set-SqlDscAgentOperator.When updating operator using ByObject parameter set.When passing parameter OperatorObject over the pipeline" executed="True" result="Success" success="True" time="0.0349" asserts="0" description="Set-SqlDscAgentOperator.When updating operator using ByObject parameter set.When passing parameter OperatorObject over the pipeline">
                    <results>
                      <test-case description="Should update operator email address using pipeline input" name="Set-SqlDscAgentOperator.When updating operator using ByObject parameter set.When passing parameter OperatorObject over the pipeline.Should update operator email address using pipeline input" time="0.0129" asserts="0" success="True" result="Success" executed="True" />
                    </results>
                  </test-suite>
                  <test-case description="Should update operator email address when using operator object" name="Set-SqlDscAgentOperator.When updating operator using ByObject parameter set.Should update operator email address when using operator object" time="0.0155" asserts="0" success="True" result="Success" executed="True" />
                </results>
              </test-suite>
              <test-suite type="TestFixture" name="Set-SqlDscAgentOperator.When update operation fails" executed="True" result="Success" success="True" time="0.6376" asserts="0" description="Set-SqlDscAgentOperator.When update operation fails">
                <results>
                  <test-case description="Should throw when alter operation fails" name="Set-SqlDscAgentOperator.When update operation fails.Should throw when alter operation fails" time="0.0247" asserts="0" success="True" result="Success" executed="True" />
                </results>
              </test-suite>
            </results>
          </test-suite>
        </results>
      </test-suite>
    </results>
  </test-suite>
</test-results>